<?xml version="1.0" encoding="UTF-8"?>
<!-- Generated by org.testng.reporters.JUnitReportReporter -->
<testsuite skipped="0" hostname="DESKTOP-NSL9RR7" name="qaclickacademy.AppiumTest" tests="1" failures="0" timestamp="14 Mar 2019 20:49:25 GMT" time="0.012" errors="0">
  <testcase name="Appium" time="0.012" classname="qaclickacademy.AppiumTest"/>
</testsuite> <!-- qaclickacademy.AppiumTest -->
