<?xml version="1.0" encoding="UTF-8"?>
<!-- Generated by org.testng.reporters.JUnitReportReporter -->
<testsuite skipped="0" hostname="DESKTOP-NSL9RR7" name="qaclickacademy.APITest" tests="1" failures="0" timestamp="14 Mar 2019 20:31:31 GMT" time="0.000" errors="0">
  <testcase name="RestAPI" time="0.000" classname="qaclickacademy.APITest"/>
</testsuite> <!-- qaclickacademy.APITest -->
